{"level":"info","message":"Connected database => core_parser, url => mongodb://core_parser:core_parser@127.0.0.1/core_parser","timestamp":"2018-03-19T06:17:59.869Z"}
{"level":"info","message":"15.210678100585938","timestamp":"2018-03-19T06:18:04.894Z"}
{"level":"info","message":"14.341339111328125","timestamp":"2018-03-19T06:18:09.897Z"}
{"level":"info","message":"14.725456237792969","timestamp":"2018-03-19T06:18:14.898Z"}
{"level":"info","message":"15.11407470703125","timestamp":"2018-03-19T06:18:19.899Z"}
{"level":"info","message":"14.630661010742188","timestamp":"2018-03-19T06:18:24.900Z"}
{"level":"info","message":"15.040374755859375","timestamp":"2018-03-19T06:18:29.902Z"}
{"level":"info","message":"14.666313171386719","timestamp":"2018-03-19T06:18:34.904Z"}
{"level":"info","message":"15.106193542480469","timestamp":"2018-03-19T06:18:39.905Z"}
{"level":"info","message":"14.814178466796875","timestamp":"2018-03-19T06:18:44.907Z"}
{"level":"info","message":"15.288093566894531","timestamp":"2018-03-19T06:18:49.908Z"}
{"level":"info","message":"15.054832458496094","timestamp":"2018-03-19T06:18:54.910Z"}
{"level":"info","message":"14.875343322753906","timestamp":"2018-03-19T06:18:59.913Z"}
{"level":"info","message":"15.39837646484375","timestamp":"2018-03-19T06:19:04.914Z"}
{"level":"info","message":"15.365455627441406","timestamp":"2018-03-19T06:19:09.916Z"}
{"level":"info","message":"15.56439208984375","timestamp":"2018-03-19T06:19:14.917Z"}
{"level":"info","message":"16.04663848876953","timestamp":"2018-03-19T06:19:19.919Z"}
{"level":"info","message":"15.791160583496094","timestamp":"2018-03-19T06:19:24.921Z"}
{"level":"info","message":"16.285354614257812","timestamp":"2018-03-19T06:19:29.923Z"}
{"level":"info","message":"15.950462341308594","timestamp":"2018-03-19T06:19:34.925Z"}
{"level":"info","message":"16.49237823486328","timestamp":"2018-03-19T06:19:39.927Z"}
{"level":"info","message":"16.206863403320312","timestamp":"2018-03-19T06:19:44.929Z"}
{"level":"info","message":"15.900253295898438","timestamp":"2018-03-19T06:19:49.931Z"}
{"level":"info","message":"16.43492889404297","timestamp":"2018-03-19T06:19:54.933Z"}
{"level":"info","message":"16.159500122070312","timestamp":"2018-03-19T06:19:59.935Z"}
{"level":"info","message":"16.712379455566406","timestamp":"2018-03-19T06:20:04.936Z"}
{"level":"info","message":"16.43830108642578","timestamp":"2018-03-19T06:20:09.937Z"}
{"level":"info","message":"16.200210571289062","timestamp":"2018-03-19T06:20:14.938Z"}
{"level":"info","message":"16.775421142578125","timestamp":"2018-03-19T06:20:19.940Z"}
{"level":"info","message":"16.548927307128906","timestamp":"2018-03-19T06:20:24.942Z"}
{"level":"info","message":"16.311630249023438","timestamp":"2018-03-19T06:20:29.944Z"}
{"level":"info","message":"16.896629333496094","timestamp":"2018-03-19T06:20:34.946Z"}
{"level":"info","message":"16.705970764160156","timestamp":"2018-03-19T06:20:39.948Z"}
{"level":"info","message":"16.48107147216797","timestamp":"2018-03-19T06:20:44.950Z"}
{"level":"info","message":"17.107505798339844","timestamp":"2018-03-19T06:20:49.951Z"}
{"level":"info","message":"16.89532470703125","timestamp":"2018-03-19T06:20:54.953Z"}
{"level":"info","message":"16.696395874023438","timestamp":"2018-03-19T06:20:59.955Z"}
{"level":"info","message":"17.309494018554688","timestamp":"2018-03-19T06:21:04.957Z"}
{"level":"info","message":"17.11615753173828","timestamp":"2018-03-19T06:21:09.958Z"}
{"level":"info","message":"16.922386169433594","timestamp":"2018-03-19T06:21:14.959Z"}
{"level":"info","message":"17.55596923828125","timestamp":"2018-03-19T06:21:19.960Z"}
{"level":"info","message":"17.37493133544922","timestamp":"2018-03-19T06:21:24.961Z"}
{"level":"info","message":"17.199989318847656","timestamp":"2018-03-19T06:21:29.963Z"}
{"level":"info","message":"17.850746154785156","timestamp":"2018-03-19T06:21:34.964Z"}
{"level":"info","message":"17.68145751953125","timestamp":"2018-03-19T06:21:39.965Z"}
{"level":"info","message":"Connected database => core_parser, url => mongodb://core_parser:core_parser@127.0.0.1/core_parser","timestamp":"2018-03-19T06:21:52.159Z"}
{"level":"info","message":"14.923286437988281","timestamp":"2018-03-19T06:21:57.176Z"}
{"level":"info","message":"13.924964904785156","timestamp":"2018-03-19T06:22:02.177Z"}
{"level":"info","message":"13.954238891601562","timestamp":"2018-03-19T06:22:07.177Z"}
{"level":"info","message":"13.974815368652344","timestamp":"2018-03-19T06:22:12.178Z"}
{"level":"info","message":"13.9949951171875","timestamp":"2018-03-19T06:22:17.179Z"}
{"level":"info","message":"14.015907287597656","timestamp":"2018-03-19T06:22:22.180Z"}
{"level":"info","message":"14.036087036132812","timestamp":"2018-03-19T06:22:27.181Z"}
{"level":"info","message":"14.056266784667969","timestamp":"2018-03-19T06:22:32.181Z"}
{"level":"info","message":"14.070899963378906","timestamp":"2018-03-19T06:22:37.181Z"}
{"level":"info","message":"14.085296630859375","timestamp":"2018-03-19T06:22:42.187Z"}
{"level":"info","message":"14.105476379394531","timestamp":"2018-03-19T06:22:47.193Z"}
{"level":"info","message":"14.125656127929688","timestamp":"2018-03-19T06:22:52.193Z"}
{"level":"info","message":"14.146347045898438","timestamp":"2018-03-19T06:22:57.198Z"}
{"level":"info","message":"14.166526794433594","timestamp":"2018-03-19T06:23:02.202Z"}
{"level":"info","message":"14.18670654296875","timestamp":"2018-03-19T06:23:07.208Z"}
{"level":"info","message":"14.206878662109375","timestamp":"2018-03-19T06:23:12.210Z"}
{"level":"info","message":"14.227058410644531","timestamp":"2018-03-19T06:23:17.215Z"}
{"level":"info","message":"14.247238159179688","timestamp":"2018-03-19T06:23:22.216Z"}
{"level":"info","message":"14.26776123046875","timestamp":"2018-03-19T06:23:27.221Z"}
{"level":"info","message":"14.287933349609375","timestamp":"2018-03-19T06:23:32.226Z"}
{"level":"info","message":"14.308113098144531","timestamp":"2018-03-19T06:23:37.230Z"}
{"level":"info","message":"14.328292846679688","timestamp":"2018-03-19T06:23:42.235Z"}
{"level":"info","message":"14.348472595214844","timestamp":"2018-03-19T06:23:47.240Z"}
{"level":"info","message":"14.36865234375","timestamp":"2018-03-19T06:23:52.241Z"}
{"level":"info","message":"14.389236450195312","timestamp":"2018-03-19T06:23:57.246Z"}
{"level":"info","message":"14.409439086914062","timestamp":"2018-03-19T06:24:02.252Z"}
{"level":"info","message":"14.429618835449219","timestamp":"2018-03-19T06:24:07.258Z"}
{"level":"info","message":"14.449798583984375","timestamp":"2018-03-19T06:24:12.262Z"}
{"level":"info","message":"14.470069885253906","timestamp":"2018-03-19T06:24:17.266Z"}
{"level":"info","message":"14.490249633789062","timestamp":"2018-03-19T06:24:22.267Z"}
{"level":"info","message":"14.510711669921875","timestamp":"2018-03-19T06:24:27.270Z"}
{"level":"info","message":"14.530891418457031","timestamp":"2018-03-19T06:24:32.275Z"}
{"level":"info","message":"14.551071166992188","timestamp":"2018-03-19T06:24:37.279Z"}
{"level":"info","message":"14.571250915527344","timestamp":"2018-03-19T06:24:42.282Z"}
{"level":"info","message":"14.5914306640625","timestamp":"2018-03-19T06:24:47.283Z"}
{"level":"info","message":"Connected database => core_parser, url => mongodb://core_parser:core_parser@127.0.0.1/core_parser","timestamp":"2018-03-19T06:24:51.961Z"}
{"level":"info","message":"14.665679931640625","timestamp":"2018-03-19T06:24:56.978Z"}
{"level":"info","message":"14.170516967773438","timestamp":"2018-03-19T06:25:01.979Z"}
{"level":"info","message":"14.199790954589844","timestamp":"2018-03-19T06:25:06.981Z"}
{"level":"info","message":"14.220367431640625","timestamp":"2018-03-19T06:25:11.982Z"}
{"level":"info","message":"14.240547180175781","timestamp":"2018-03-19T06:25:16.983Z"}
{"level":"info","message":"14.261474609375","timestamp":"2018-03-19T06:25:21.984Z"}
{"level":"info","message":"14.281639099121094","timestamp":"2018-03-19T06:25:26.985Z"}
{"level":"info","message":"14.30181884765625","timestamp":"2018-03-19T06:25:31.986Z"}
{"level":"info","message":"Connected database => core_parser, url => mongodb://core_parser:core_parser@127.0.0.1/core_parser","timestamp":"2018-03-19T06:27:37.885Z"}
{"level":"info","message":"15.083473205566406","timestamp":"2018-03-19T06:27:42.915Z"}
{"level":"info","message":"14.340919494628906","timestamp":"2018-03-19T06:27:47.917Z"}
{"level":"info","message":"14.72503662109375","timestamp":"2018-03-19T06:27:52.919Z"}
{"level":"info","message":"15.1136474609375","timestamp":"2018-03-19T06:27:57.920Z"}
{"level":"info","message":"14.630233764648438","timestamp":"2018-03-19T06:28:02.921Z"}
{"level":"info","message":"15.039947509765625","timestamp":"2018-03-19T06:28:07.923Z"}
{"level":"info","message":"14.665885925292969","timestamp":"2018-03-19T06:28:12.924Z"}
{"level":"info","message":"15.105766296386719","timestamp":"2018-03-19T06:28:17.925Z"}
{"level":"info","message":"14.813751220703125","timestamp":"2018-03-19T06:28:22.928Z"}
{"level":"info","message":"15.287666320800781","timestamp":"2018-03-19T06:28:27.930Z"}
{"level":"info","message":"15.054405212402344","timestamp":"2018-03-19T06:28:32.931Z"}
{"level":"info","message":"14.874916076660156","timestamp":"2018-03-19T06:28:37.933Z"}
{"level":"info","message":"15.39794921875","timestamp":"2018-03-19T06:28:42.935Z"}
{"level":"info","message":"15.365020751953125","timestamp":"2018-03-19T06:28:47.936Z"}
{"level":"info","message":"15.563957214355469","timestamp":"2018-03-19T06:28:52.938Z"}
{"level":"info","message":"16.046218872070312","timestamp":"2018-03-19T06:28:57.939Z"}
{"level":"info","message":"15.790725708007812","timestamp":"2018-03-19T06:29:02.941Z"}
{"level":"info","message":"16.28491973876953","timestamp":"2018-03-19T06:29:07.942Z"}
{"level":"info","message":"15.950027465820312","timestamp":"2018-03-19T06:29:12.943Z"}
{"level":"info","message":"16.491920471191406","timestamp":"2018-03-19T06:29:17.944Z"}
{"level":"info","message":"16.227317810058594","timestamp":"2018-03-19T06:29:22.945Z"}
{"level":"info","message":"15.900344848632812","timestamp":"2018-03-19T06:29:27.947Z"}
{"level":"info","message":"16.43482208251953","timestamp":"2018-03-19T06:29:32.949Z"}
{"level":"info","message":"Connected database => core_parser, url => mongodb://core_parser:core_parser@127.0.0.1/core_parser","timestamp":"2018-03-19T06:29:44.639Z"}
{"level":"info","message":"15.102729797363281","timestamp":"2018-03-19T06:29:49.662Z"}
{"level":"info","message":"14.376632690429688","timestamp":"2018-03-19T06:29:54.667Z"}
{"level":"info","message":"15.117134094238281","timestamp":"2018-03-19T06:29:59.670Z"}
{"level":"info","message":"14.571334838867188","timestamp":"2018-03-19T06:30:04.673Z"}
{"level":"info","message":"15.174591064453125","timestamp":"2018-03-19T06:30:09.676Z"}
{"level":"info","message":"15.368194580078125","timestamp":"2018-03-19T06:30:14.679Z"}
{"level":"info","message":"15.217315673828125","timestamp":"2018-03-19T06:30:19.682Z"}
{"level":"info","message":"16.408096313476562","timestamp":"2018-03-19T06:30:24.684Z"}
{"level":"info","message":"17.02747344970703","timestamp":"2018-03-19T06:30:29.689Z"}
{"level":"info","message":"17.500808715820312","timestamp":"2018-03-19T06:30:34.692Z"}
{"level":"info","message":"Connected database => core_parser, url => mongodb://core_parser:core_parser@127.0.0.1/core_parser","timestamp":"2018-03-19T06:31:46.311Z"}
{"level":"info","message":"14.583610534667969","timestamp":"2018-03-19T06:31:51.339Z"}
{"level":"info","message":"14.344924926757812","timestamp":"2018-03-19T06:31:56.340Z"}
{"level":"info","message":"14.73028564453125","timestamp":"2018-03-19T06:32:01.342Z"}
{"level":"info","message":"15.119972229003906","timestamp":"2018-03-19T06:32:06.343Z"}
{"level":"info","message":"14.640640258789062","timestamp":"2018-03-19T06:32:11.345Z"}
{"level":"info","message":"15.051429748535156","timestamp":"2018-03-19T06:32:16.347Z"}
{"level":"info","message":"14.679786682128906","timestamp":"2018-03-19T06:32:21.348Z"}
{"level":"info","message":"15.120941162109375","timestamp":"2018-03-19T06:32:26.349Z"}
{"level":"info","message":"14.831939697265625","timestamp":"2018-03-19T06:32:31.351Z"}
{"level":"info","message":"15.302803039550781","timestamp":"2018-03-19T06:32:36.352Z"}
{"level":"info","message":"15.0662841796875","timestamp":"2018-03-19T06:32:41.353Z"}
{"level":"info","message":"14.891281127929688","timestamp":"2018-03-19T06:32:46.354Z"}
{"level":"info","message":"15.415390014648438","timestamp":"2018-03-19T06:32:51.356Z"}
{"level":"info","message":"15.370895385742188","timestamp":"2018-03-19T06:32:56.357Z"}
{"level":"info","message":"15.573005676269531","timestamp":"2018-03-19T06:33:01.359Z"}
{"level":"info","message":"16.05645751953125","timestamp":"2018-03-19T06:33:06.360Z"}
{"level":"info","message":"15.809921264648438","timestamp":"2018-03-19T06:33:11.361Z"}
{"level":"info","message":"16.305213928222656","timestamp":"2018-03-19T06:33:16.362Z"}
{"level":"info","message":"Connected database => core_parser, url => mongodb://core_parser:core_parser@127.0.0.1/core_parser","timestamp":"2018-03-19T06:46:29.575Z"}
{"level":"info","message":"Connected database => core_parser, url => mongodb://core_parser:core_parser@127.0.0.1/core_parser","timestamp":"2018-03-19T06:47:32.257Z"}
{"level":"info","message":"Connected database => core_parser, url => mongodb://core_parser:core_parser@127.0.0.1/core_parser","timestamp":"2018-03-19T06:48:23.793Z"}
{"level":"info","message":"Connected database => core_parser, url => mongodb://core_parser:core_parser@127.0.0.1/core_parser","timestamp":"2018-03-19T06:53:00.910Z"}
{"level":"info","message":"Fullnode is not alive, try to restart fullnode","timestamp":"2018-03-19T06:53:35.944Z"}
{"level":"info","message":"Fullnode is not alive, try to restart fullnode","timestamp":"2018-03-19T06:53:40.944Z"}
{"level":"info","message":"Fullnode is not alive, try to restart fullnode","timestamp":"2018-03-19T06:53:45.945Z"}
{"level":"info","message":"Fullnode is not alive, try to restart fullnode","timestamp":"2018-03-19T06:53:50.946Z"}
{"level":"info","message":"Connected database => core_parser, url => mongodb://core_parser:core_parser@127.0.0.1/core_parser","timestamp":"2018-03-19T06:53:56.816Z"}
{"level":"info","message":"Fullnode is not alive, try to restart fullnode","timestamp":"2018-03-19T06:54:01.844Z"}
{"level":"info","message":"Fullnode is not alive, try to restart fullnode","timestamp":"2018-03-19T06:54:06.847Z"}
{"level":"info","message":"Fullnode is not alive, try to restart fullnode","timestamp":"2018-03-19T06:54:11.847Z"}
{"level":"info","message":"Fullnode is not alive, try to restart fullnode","timestamp":"2018-03-19T06:54:16.848Z"}
{"level":"info","message":"Fullnode is not alive, try to restart fullnode","timestamp":"2018-03-19T06:54:21.849Z"}
{"level":"info","message":"Fullnode is not alive, try to restart fullnode","timestamp":"2018-03-19T06:54:26.851Z"}
{"level":"info","message":"Fullnode is not alive, try to restart fullnode","timestamp":"2018-03-19T06:54:31.852Z"}
{"level":"info","message":"Connected database => core_parser, url => mongodb://core_parser:core_parser@127.0.0.1/core_parser","timestamp":"2018-03-19T06:54:36.922Z"}
{"level":"error","message":"Fullnode is not alive, try to restart fullnode","timestamp":"2018-03-19T06:54:41.948Z"}
{"level":"error","message":"Fullnode is not alive, try to restart fullnode","timestamp":"2018-03-19T06:54:46.951Z"}
{"level":"error","message":"Fullnode is not alive, try to restart fullnode","timestamp":"2018-03-19T06:54:51.952Z"}
{"level":"error","message":"Fullnode is not alive, try to restart fullnode","timestamp":"2018-03-19T06:54:56.953Z"}
{"level":"info","message":"Connected database => core_parser, url => mongodb://core_parser:core_parser@127.0.0.1/core_parser","timestamp":"2018-03-19T06:58:34.656Z"}
{"level":"error","message":"Fullnode is not alive, try to restart fullnode","timestamp":"2018-03-19T06:58:49.688Z"}
{"level":"error","message":"Fullnode is not alive, try to restart fullnode","timestamp":"2018-03-19T06:58:54.688Z"}
{"level":"error","message":"Fullnode is not alive, try to restart fullnode","timestamp":"2018-03-19T06:58:59.690Z"}
{"level":"error","message":"Fullnode is not alive, try to restart fullnode","timestamp":"2018-03-19T06:59:04.693Z"}
{"level":"error","message":"Fullnode is not alive, try to restart fullnode","timestamp":"2018-03-19T06:59:09.693Z"}
{"level":"error","message":"Fullnode is not alive, try to restart fullnode","timestamp":"2018-03-19T06:59:14.695Z"}
{"level":"error","message":"Fullnode is not alive, try to restart fullnode","timestamp":"2018-03-19T06:59:19.695Z"}
{"level":"error","message":"Fullnode is not alive, try to restart fullnode","timestamp":"2018-03-19T06:59:24.697Z"}
{"level":"error","message":"Fullnode is not alive, try to restart fullnode","timestamp":"2018-03-19T06:59:29.698Z"}
{"level":"error","message":"Fullnode is not alive, try to restart fullnode","timestamp":"2018-03-19T06:59:34.699Z"}
{"level":"error","message":"Fullnode is not alive, try to restart fullnode","timestamp":"2018-03-19T06:59:39.700Z"}
{"level":"error","message":"Fullnode is not alive, try to restart fullnode","timestamp":"2018-03-19T06:59:44.701Z"}
{"level":"error","message":"Fullnode is not alive, try to restart fullnode","timestamp":"2018-03-19T06:59:49.702Z"}
{"level":"error","message":"Fullnode is not alive, try to restart fullnode","timestamp":"2018-03-19T06:59:54.703Z"}
{"level":"error","message":"Fullnode is not alive, try to restart fullnode","timestamp":"2018-03-19T06:59:59.704Z"}
{"level":"info","message":"Connected database => core_parser, url => mongodb://core_parser:core_parser@127.0.0.1/core_parser","timestamp":"2018-03-19T07:03:48.831Z"}
{"level":"error","message":"Fullnode is not alive, try to restart fullnode","timestamp":"2018-03-19T07:03:53.858Z"}
{"level":"info","message":"Connected database => core_parser, url => mongodb://core_parser:core_parser@127.0.0.1/core_parser","timestamp":"2018-03-19T07:04:44.053Z"}
{"level":"error","message":"Fullnode is not alive, try to restart fullnode","timestamp":"2018-03-19T07:04:49.077Z"}
{"level":"error","message":"Fullnode is not alive, try to restart fullnode","timestamp":"2018-03-19T07:04:54.079Z"}
{"level":"error","message":"Fullnode is not alive, try to restart fullnode","timestamp":"2018-03-19T07:04:59.081Z"}
{"level":"error","message":"Fullnode is not alive, try to restart fullnode","timestamp":"2018-03-19T07:05:04.081Z"}
{"level":"info","message":"Connected database => core_parser, url => mongodb://core_parser:core_parser@127.0.0.1/core_parser","timestamp":"2018-03-19T07:08:55.511Z"}
{"level":"error","message":"Fullnode is not alive, try to restart fullnode","timestamp":"2018-03-19T07:09:15.541Z"}
{"level":"error","message":"Fullnode is not alive, try to restart fullnode","timestamp":"2018-03-19T07:09:20.542Z"}
{"level":"error","message":"Fullnode is not alive, try to restart fullnode","timestamp":"2018-03-19T07:09:25.542Z"}
{"level":"info","message":"Connected database => core_parser, url => mongodb://core_parser:core_parser@127.0.0.1/core_parser","timestamp":"2018-03-19T07:11:14.277Z"}
{"level":"info","message":"Connected database => core_parser, url => mongodb://core_parser:core_parser@127.0.0.1/core_parser","timestamp":"2018-03-19T07:12:31.590Z"}
{"level":"info","message":"Connected database => core_parser, url => mongodb://core_parser:core_parser@127.0.0.1/core_parser","timestamp":"2018-03-19T07:13:10.220Z"}
{"level":"error","message":"Fullnode is not alive, try to restart fullnode","timestamp":"2018-03-19T07:13:20.245Z"}
{"level":"error","message":"Fullnode is not alive, try to restart fullnode","timestamp":"2018-03-19T07:13:25.246Z"}
{"level":"error","message":"Fullnode is not alive, try to restart fullnode","timestamp":"2018-03-19T07:13:30.246Z"}
{"level":"error","message":"Fullnode is not alive, try to restart fullnode","timestamp":"2018-03-19T07:13:50.252Z"}
{"level":"error","message":"Fullnode is not alive, try to restart fullnode","timestamp":"2018-03-19T07:13:55.253Z"}
{"level":"error","message":"Fullnode is not alive, try to restart fullnode","timestamp":"2018-03-19T07:14:00.254Z"}
{"level":"error","message":"Fullnode is not alive, try to restart fullnode","timestamp":"2018-03-19T07:14:05.255Z"}
{"level":"error","message":"Fullnode is not alive, try to restart fullnode","timestamp":"2018-03-19T07:14:10.256Z"}
{"level":"error","message":"Fullnode is not alive, try to restart fullnode","timestamp":"2018-03-19T07:14:15.256Z"}
{"level":"error","message":"Fullnode is not alive, try to restart fullnode","timestamp":"2018-03-19T07:14:20.258Z"}
{"level":"error","message":"Fullnode is not alive, try to restart fullnode","timestamp":"2018-03-19T07:14:25.258Z"}
{"level":"error","message":"Fullnode is not alive, try to restart fullnode","timestamp":"2018-03-19T07:14:30.259Z"}
{"level":"error","message":"Fullnode is not alive, try to restart fullnode","timestamp":"2018-03-19T07:14:35.260Z"}
{"level":"error","message":"Fullnode is not alive, try to restart fullnode","timestamp":"2018-03-19T07:14:40.262Z"}
{"level":"error","message":"Fullnode is not alive, try to restart fullnode","timestamp":"2018-03-19T07:14:45.261Z"}
{"level":"error","message":"Fullnode is not alive, try to restart fullnode","timestamp":"2018-03-19T07:14:50.261Z"}
{"level":"error","message":"Fullnode is not alive, try to restart fullnode","timestamp":"2018-03-19T07:14:55.263Z"}
{"level":"error","message":"Fullnode is not alive, try to restart fullnode","timestamp":"2018-03-19T07:15:00.264Z"}
{"level":"error","message":"Fullnode is not alive, try to restart fullnode","timestamp":"2018-03-19T07:15:05.265Z"}
{"level":"error","message":"Fullnode is not alive, try to restart fullnode","timestamp":"2018-03-19T07:15:10.266Z"}
{"level":"error","message":"Fullnode is not alive, try to restart fullnode","timestamp":"2018-03-19T07:15:15.267Z"}
{"level":"error","message":"Fullnode is not alive, try to restart fullnode","timestamp":"2018-03-19T07:15:20.268Z"}
{"level":"error","message":"Fullnode is not alive, try to restart fullnode","timestamp":"2018-03-19T07:15:25.269Z"}
{"level":"error","message":"Fullnode is not alive, try to restart fullnode","timestamp":"2018-03-19T07:15:30.270Z"}
{"level":"error","message":"Fullnode is not alive, try to restart fullnode","timestamp":"2018-03-19T07:15:35.271Z"}
{"level":"error","message":"Fullnode is not alive, try to restart fullnode","timestamp":"2018-03-19T07:15:40.272Z"}
{"level":"error","message":"Fullnode is not alive, try to restart fullnode","timestamp":"2018-03-19T07:15:45.273Z"}
{"level":"error","message":"Fullnode is not alive, try to restart fullnode","timestamp":"2018-03-19T07:15:50.274Z"}
{"level":"error","message":"Fullnode is not alive, try to restart fullnode","timestamp":"2018-03-19T07:15:55.275Z"}
{"level":"error","message":"Fullnode is not alive, try to restart fullnode","timestamp":"2018-03-19T07:16:00.276Z"}
{"level":"info","message":"Connected database => core_parser, url => mongodb://core_parser:core_parser@127.0.0.1/core_parser","timestamp":"2018-03-19T07:16:05.673Z"}
{"level":"error","message":"Fullnode is not alive, try to restart fullnode","timestamp":"2018-03-19T07:16:10.699Z"}
{"level":"error","message":"Fullnode is not alive, try to restart fullnode","timestamp":"2018-03-19T07:16:15.700Z"}
{"level":"error","message":"Fullnode is not alive, try to restart fullnode","timestamp":"2018-03-19T07:16:20.699Z"}
{"level":"info","message":"Connected database => core_parser, url => mongodb://core_parser:core_parser@127.0.0.1/core_parser","timestamp":"2018-03-19T07:16:26.808Z"}
{"level":"error","message":"Fullnode is not alive, try to restart fullnode","timestamp":"2018-03-19T07:16:51.836Z"}
{"level":"error","message":"Fullnode is not alive, try to restart fullnode","timestamp":"2018-03-19T07:16:56.838Z"}
{"level":"info","message":"Connected database => core_parser, url => mongodb://core_parser:core_parser@127.0.0.1/core_parser","timestamp":"2018-03-19T07:18:05.983Z"}
{"level":"error","message":"Fullnode is not alive, try to restart fullnode","timestamp":"2018-03-19T07:18:11.010Z"}
{"level":"info","message":"Connected database => core_parser, url => mongodb://core_parser:core_parser@127.0.0.1/core_parser","timestamp":"2018-03-19T07:19:49.874Z"}
{"level":"error","message":"Fullnode is not alive, try to restart fullnode","timestamp":"2018-03-19T07:19:54.907Z"}
{"level":"error","message":"Fullnode is not alive, try to restart fullnode","timestamp":"2018-03-19T07:19:59.905Z"}
{"level":"info","message":"Connected database => core_parser, url => mongodb://core_parser:core_parser@127.0.0.1/core_parser","timestamp":"2018-03-19T07:26:00.512Z"}
{"level":"info","message":"Connected database => core_parser, url => mongodb://core_parser:core_parser@127.0.0.1/core_parser","timestamp":"2018-03-19T07:27:10.615Z"}
{"level":"error","message":"Fullnode is not alive, try to restart fullnode","timestamp":"2018-03-19T07:27:15.646Z"}
{"level":"error","message":"Fullnode is not alive, try to restart fullnode","timestamp":"2018-03-19T07:27:20.646Z"}
{"level":"error","message":"Fullnode is not alive, try to restart fullnode","timestamp":"2018-03-19T07:27:25.648Z"}
{"level":"error","message":"Fullnode is not alive, try to restart fullnode","timestamp":"2018-03-19T07:27:45.653Z"}
{"level":"error","message":"Fullnode is not alive, try to restart fullnode","timestamp":"2018-03-19T07:27:50.654Z"}
{"level":"info","message":"Connected database => core_parser, url => mongodb://core_parser:core_parser@127.0.0.1/core_parser","timestamp":"2018-03-19T07:30:35.201Z"}
{"level":"error","message":"Fullnode is not alive, try to restart fullnode","timestamp":"2018-03-19T07:31:00.233Z"}
{"level":"error","message":"Fullnode is not alive, try to restart fullnode","timestamp":"2018-03-19T07:31:05.233Z"}
{"level":"info","message":"Connected database => core_parser, url => mongodb://core_parser:core_parser@127.0.0.1/core_parser","timestamp":"2018-03-19T07:32:51.272Z"}
{"level":"error","message":"Fullnode is not alive, try to restart fullnode","timestamp":"2018-03-19T07:32:56.300Z"}
{"level":"error","message":"Fullnode is not alive, try to restart fullnode","timestamp":"2018-03-19T07:33:11.302Z"}
{"level":"error","message":"Fullnode is not alive, try to restart fullnode","timestamp":"2018-03-19T07:33:21.304Z"}
{"level":"info","message":"Connected database => core_parser, url => mongodb://core_parser:core_parser@127.0.0.1/core_parser","timestamp":"2018-03-19T07:36:56.930Z"}
{"level":"error","message":"Fullnode is not alive, try to restart fullnode","timestamp":"2018-03-19T07:37:01.960Z"}
{"level":"error","message":"Fullnode is not alive, try to restart fullnode","timestamp":"2018-03-19T07:37:06.960Z"}
{"level":"error","message":"Fullnode is not alive, try to restart fullnode","timestamp":"2018-03-19T07:37:11.960Z"}
{"level":"error","message":"Fullnode is not alive, try to restart fullnode","timestamp":"2018-03-19T07:37:16.962Z"}
{"level":"info","message":"Connected database => core_parser, url => mongodb://core_parser:core_parser@127.0.0.1/core_parser","timestamp":"2018-03-19T07:38:05.361Z"}
{"level":"error","message":"Fullnode is not alive, try to restart fullnode","timestamp":"2018-03-19T07:38:10.390Z"}
{"level":"error","message":"Fullnode is not alive, try to restart fullnode","timestamp":"2018-03-19T07:38:15.392Z"}
{"level":"error","message":"Fullnode is not alive, try to restart fullnode","timestamp":"2018-03-19T07:38:20.391Z"}
{"level":"error","message":"Fullnode is not alive, try to restart fullnode","timestamp":"2018-03-19T07:38:25.392Z"}
{"level":"info","message":"Connected database => core_parser, url => mongodb://core_parser:core_parser@127.0.0.1/core_parser","timestamp":"2018-03-19T07:38:56.432Z"}
{"level":"error","message":"Fullnode is not alive, try to restart fullnode","timestamp":"2018-03-19T07:39:06.462Z"}
{"level":"error","message":"Fullnode is not alive, try to restart fullnode","timestamp":"2018-03-19T07:39:11.461Z"}
{"level":"error","message":"Fullnode is not alive, try to restart fullnode","timestamp":"2018-03-19T07:39:16.462Z"}
{"level":"info","message":"Connected database => core_parser, url => mongodb://core_parser:core_parser@127.0.0.1/core_parser","timestamp":"2018-03-19T07:39:56.911Z"}
{"level":"info","message":"Connected database => core_parser, url => mongodb://core_parser:core_parser@127.0.0.1/core_parser","timestamp":"2018-03-19T07:43:27.885Z"}
{"level":"error","message":"Fullnode is not alive, try to restart fullnode","timestamp":"2018-03-19T07:43:32.996Z"}
{"level":"error","message":"Fullnode is not alive, try to restart fullnode","timestamp":"2018-03-19T07:43:38.108Z"}
{"level":"info","message":"Connected database => core_parser, url => mongodb://core_parser:core_parser@127.0.0.1/core_parser","timestamp":"2018-03-19T07:44:09.805Z"}
{"level":"error","message":"Fullnode is not alive, try to restart fullnode","timestamp":"2018-03-19T07:45:01.031Z"}
{"level":"error","message":"Fullnode is not alive, try to restart fullnode","timestamp":"2018-03-19T07:45:06.156Z"}
{"level":"error","message":"Fullnode is not alive, try to restart fullnode","timestamp":"2018-03-19T07:45:47.010Z"}
{"level":"error","message":"Fullnode is not alive, try to restart fullnode","timestamp":"2018-03-19T07:45:52.147Z"}
{"level":"error","message":"Fullnode is not alive, try to restart fullnode","timestamp":"2018-03-19T07:45:57.288Z"}
{"level":"error","message":"Fullnode is not alive, try to restart fullnode","timestamp":"2018-03-19T07:46:02.424Z"}
{"level":"error","message":"Fullnode is not alive, try to restart fullnode","timestamp":"2018-03-19T07:46:07.530Z"}
{"level":"error","message":"Fullnode is not alive, try to restart fullnode","timestamp":"2018-03-19T07:46:12.740Z"}
{"level":"error","message":"Fullnode is not alive, try to restart fullnode","timestamp":"2018-03-19T07:46:17.834Z"}
{"level":"error","message":"Fullnode is not alive, try to restart fullnode","timestamp":"2018-03-19T07:46:22.927Z"}
{"level":"error","message":"Fullnode is not alive, try to restart fullnode","timestamp":"2018-03-19T07:46:28.083Z"}
{"level":"error","message":"Fullnode is not alive, try to restart fullnode","timestamp":"2018-03-19T07:46:33.228Z"}
{"level":"error","message":"Fullnode is not alive, try to restart fullnode","timestamp":"2018-03-19T07:46:38.326Z"}
{"level":"error","message":"Fullnode is not alive, try to restart fullnode","timestamp":"2018-03-19T07:46:43.433Z"}
{"level":"error","message":"Fullnode is not alive, try to restart fullnode","timestamp":"2018-03-19T07:46:48.551Z"}
{"level":"error","message":"Fullnode is not alive, try to restart fullnode","timestamp":"2018-03-19T07:46:53.650Z"}
{"level":"info","message":"Connected database => core_parser, url => mongodb://core_parser:core_parser@127.0.0.1/core_parser","timestamp":"2018-03-19T07:47:14.111Z"}
{"level":"info","message":"Connected database => core_parser, url => mongodb://core_parser:core_parser@127.0.0.1/core_parser","timestamp":"2018-03-19T07:50:38.047Z"}
{"level":"info","message":"Connected database => core_parser, url => mongodb://core_parser:core_parser@127.0.0.1/core_parser","timestamp":"2018-03-19T07:52:04.492Z"}
{"level":"error","message":"Fullnode is not alive, try to restart fullnode","timestamp":"2018-03-19T07:52:19.831Z"}
{"level":"error","message":"Fullnode is not alive, try to restart fullnode","timestamp":"2018-03-19T07:52:24.928Z"}
{"level":"error","message":"Fullnode is not alive, try to restart fullnode","timestamp":"2018-03-19T07:52:30.036Z"}
{"level":"error","message":"Fullnode is not alive, try to restart fullnode","timestamp":"2018-03-19T07:52:55.647Z"}
{"level":"error","message":"Fullnode is not alive, try to restart fullnode","timestamp":"2018-03-19T07:53:00.746Z"}
{"level":"error","message":"Fullnode is not alive, try to restart fullnode","timestamp":"2018-03-19T07:53:05.843Z"}
{"level":"error","message":"Fullnode is not alive, try to restart fullnode","timestamp":"2018-03-19T07:53:10.954Z"}
{"level":"error","message":"Fullnode is not alive, try to restart fullnode","timestamp":"2018-03-19T07:53:16.054Z"}
{"level":"info","message":"Connected database => core_parser, url => mongodb://core_parser:core_parser@127.0.0.1/core_parser","timestamp":"2018-03-19T07:53:27.006Z"}
{"level":"error","message":"Fullnode is not alive, try to restart fullnode","timestamp":"2018-03-19T07:55:19.684Z"}
{"level":"info","message":"Connected database => core_parser, url => mongodb://core_parser:core_parser@127.0.0.1/core_parser","timestamp":"2018-03-19T07:58:04.579Z"}
{"level":"error","message":"Fullnode is not alive, try to restart fullnode","timestamp":"2018-03-19T07:58:36.030Z"}
{"level":"info","message":"Connected database => core_parser, url => mongodb://core_parser:core_parser@127.0.0.1/core_parser","timestamp":"2018-03-19T08:03:07.191Z"}
{"level":"error","message":"Fullnode is not alive, try to restart fullnode","timestamp":"2018-03-19T08:03:53.327Z"}
{"level":"error","message":"Fullnode is not alive, try to restart fullnode","timestamp":"2018-03-19T08:03:58.416Z"}
{"level":"info","message":"Connected database => core_parser, url => mongodb://core_parser:core_parser@127.0.0.1/core_parser","timestamp":"2018-03-19T08:06:13.368Z"}
{"level":"error","message":"Fullnode is not alive, try to restart fullnode","timestamp":"2018-03-19T08:06:28.784Z"}
{"level":"error","message":"Fullnode is not alive, try to restart fullnode","timestamp":"2018-03-19T08:06:33.927Z"}
{"level":"info","message":"Connected database => core_parser, url => mongodb://core_parser:core_parser@127.0.0.1/core_parser","timestamp":"2018-03-19T08:08:49.386Z"}
{"level":"error","message":"Fullnode is not alive, try to restart fullnode","timestamp":"2018-03-19T08:09:30.328Z"}
{"level":"error","message":"Fullnode is not alive, try to restart fullnode","timestamp":"2018-03-19T08:09:35.465Z"}
{"level":"info","message":"Connected database => core_parser, url => mongodb://core_parser:core_parser@127.0.0.1/core_parser","timestamp":"2018-03-19T08:10:35.655Z"}
{"level":"error","message":"Fullnode is not alive, try to restart fullnode","timestamp":"2018-03-19T08:10:45.924Z"}
{"level":"error","message":"Fullnode is not alive, try to restart fullnode","timestamp":"2018-03-19T08:11:06.513Z"}
{"level":"error","message":"Fullnode is not alive, try to restart fullnode","timestamp":"2018-03-19T08:11:11.624Z"}
{"level":"error","message":"Fullnode is not alive, try to restart fullnode","timestamp":"2018-03-19T08:11:16.765Z"}
{"level":"error","message":"Fullnode is not alive, try to restart fullnode","timestamp":"2018-03-19T08:11:21.883Z"}
{"level":"error","message":"Fullnode is not alive, try to restart fullnode","timestamp":"2018-03-19T08:11:26.976Z"}
{"level":"error","message":"Fullnode is not alive, try to restart fullnode","timestamp":"2018-03-19T08:11:32.072Z"}
{"level":"error","message":"Fullnode is not alive, try to restart fullnode","timestamp":"2018-03-19T08:11:37.179Z"}
{"level":"error","message":"Fullnode is not alive, try to restart fullnode","timestamp":"2018-03-19T08:11:42.316Z"}
{"level":"error","message":"Fullnode is not alive, try to restart fullnode","timestamp":"2018-03-19T08:11:47.429Z"}
{"level":"error","message":"Fullnode is not alive, try to restart fullnode","timestamp":"2018-03-19T08:11:52.532Z"}
{"level":"error","message":"Fullnode is not alive, try to restart fullnode","timestamp":"2018-03-19T08:11:57.648Z"}
{"level":"error","message":"Fullnode is not alive, try to restart fullnode","timestamp":"2018-03-19T08:12:02.745Z"}
{"level":"error","message":"Fullnode is not alive, try to restart fullnode","timestamp":"2018-03-19T08:12:07.863Z"}
{"level":"error","message":"Fullnode is not alive, try to restart fullnode","timestamp":"2018-03-19T08:12:13.004Z"}
{"level":"error","message":"Fullnode is not alive, try to restart fullnode","timestamp":"2018-03-19T08:12:18.097Z"}
{"level":"error","message":"Fullnode is not alive, try to restart fullnode","timestamp":"2018-03-19T08:12:23.219Z"}
{"level":"error","message":"Fullnode is not alive, try to restart fullnode","timestamp":"2018-03-19T08:12:28.361Z"}
{"level":"error","message":"Fullnode is not alive, try to restart fullnode","timestamp":"2018-03-19T08:12:33.453Z"}
{"level":"error","message":"Fullnode is not alive, try to restart fullnode","timestamp":"2018-03-19T08:12:38.608Z"}
{"level":"error","message":"Fullnode is not alive, try to restart fullnode","timestamp":"2018-03-19T08:12:43.704Z"}
{"level":"error","message":"Fullnode is not alive, try to restart fullnode","timestamp":"2018-03-19T08:12:48.800Z"}
{"level":"error","message":"Fullnode is not alive, try to restart fullnode","timestamp":"2018-03-19T08:12:53.936Z"}
{"level":"error","message":"Fullnode is not alive, try to restart fullnode","timestamp":"2018-03-19T08:12:59.077Z"}
{"level":"error","message":"Fullnode is not alive, try to restart fullnode","timestamp":"2018-03-19T08:13:04.180Z"}
{"level":"error","message":"Fullnode is not alive, try to restart fullnode","timestamp":"2018-03-19T08:13:09.314Z"}
{"level":"error","message":"Fullnode is not alive, try to restart fullnode","timestamp":"2018-03-19T08:13:14.417Z"}
{"level":"error","message":"Fullnode is not alive, try to restart fullnode","timestamp":"2018-03-19T08:13:19.540Z"}
{"level":"error","message":"Fullnode is not alive, try to restart fullnode","timestamp":"2018-03-19T08:13:24.664Z"}
{"level":"error","message":"Fullnode is not alive, try to restart fullnode","timestamp":"2018-03-19T08:13:29.756Z"}
{"level":"error","message":"Fullnode is not alive, try to restart fullnode","timestamp":"2018-03-19T08:13:34.850Z"}
{"level":"error","message":"Fullnode is not alive, try to restart fullnode","timestamp":"2018-03-19T08:13:39.991Z"}
{"level":"error","message":"Fullnode is not alive, try to restart fullnode","timestamp":"2018-03-19T08:13:45.094Z"}
{"level":"error","message":"Fullnode is not alive, try to restart fullnode","timestamp":"2018-03-19T08:13:50.190Z"}
{"level":"error","message":"Fullnode is not alive, try to restart fullnode","timestamp":"2018-03-19T08:13:55.289Z"}
{"level":"error","message":"Fullnode is not alive, try to restart fullnode","timestamp":"2018-03-19T08:14:00.436Z"}
{"level":"error","message":"Fullnode is not alive, try to restart fullnode","timestamp":"2018-03-19T08:14:05.581Z"}
{"level":"error","message":"Fullnode is not alive, try to restart fullnode","timestamp":"2018-03-19T08:14:10.700Z"}
{"level":"error","message":"Fullnode is not alive, try to restart fullnode","timestamp":"2018-03-19T08:14:15.811Z"}
{"level":"error","message":"Fullnode is not alive, try to restart fullnode","timestamp":"2018-03-19T08:14:20.952Z"}
{"level":"error","message":"Fullnode is not alive, try to restart fullnode","timestamp":"2018-03-19T08:14:26.049Z"}
{"level":"error","message":"Fullnode is not alive, try to restart fullnode","timestamp":"2018-03-19T08:14:31.206Z"}
{"level":"error","message":"Fullnode is not alive, try to restart fullnode","timestamp":"2018-03-19T08:14:36.300Z"}
{"level":"error","message":"Fullnode is not alive, try to restart fullnode","timestamp":"2018-03-19T08:14:41.394Z"}
{"level":"error","message":"Fullnode is not alive, try to restart fullnode","timestamp":"2018-03-19T08:14:46.534Z"}
{"level":"info","message":"Connected database => core_parser, url => mongodb://core_parser:core_parser@127.0.0.1/core_parser","timestamp":"2018-03-19T08:15:00.873Z"}
{"level":"error","message":"Fullnode is not alive, try to restart fullnode","timestamp":"2018-03-19T08:15:16.442Z"}
{"level":"info","message":"Connected database => core_parser, url => mongodb://core_parser:core_parser@127.0.0.1/core_parser","timestamp":"2018-03-19T08:16:06.814Z"}
{"level":"info","message":"Connected database => core_parser, url => mongodb://core_parser:core_parser@127.0.0.1/core_parser","timestamp":"2018-03-19T08:16:19.155Z"}
{"level":"error","message":"Fullnode is not alive, try to restart fullnode","timestamp":"2018-03-19T08:17:00.356Z"}
{"level":"error","message":"Fullnode is not alive, try to restart fullnode","timestamp":"2018-03-19T08:17:05.455Z"}
{"level":"error","message":"Fullnode is not alive, try to restart fullnode","timestamp":"2018-03-19T08:17:10.617Z"}
{"level":"error","message":"Fullnode is not alive, try to restart fullnode","timestamp":"2018-03-19T08:17:41.447Z"}
{"level":"info","message":"Connected database => core_parser, url => mongodb://core_parser:core_parser@127.0.0.1/core_parser","timestamp":"2018-03-19T08:17:54.744Z"}
{"level":"error","message":"Fullnode is not alive, try to restart fullnode","timestamp":"2018-03-19T08:18:10.340Z"}
{"level":"error","message":"Fullnode is not alive, try to restart fullnode","timestamp":"2018-03-19T08:18:15.469Z"}
{"level":"error","message":"Fullnode is not alive, try to restart fullnode","timestamp":"2018-03-19T08:18:20.618Z"}
{"level":"error","message":"Fullnode is not alive, try to restart fullnode","timestamp":"2018-03-19T08:18:51.286Z"}
{"level":"error","message":"Fullnode is not alive, try to restart fullnode","timestamp":"2018-03-19T08:18:56.381Z"}
{"level":"info","message":"Connected database => core_parser, url => mongodb://core_parser:core_parser@127.0.0.1/core_parser","timestamp":"2018-03-19T08:19:04.777Z"}
{"level":"error","message":"Fullnode is not alive, try to restart fullnode","timestamp":"2018-03-19T08:19:30.497Z"}
{"level":"error","message":"Fullnode is not alive, try to restart fullnode","timestamp":"2018-03-19T08:19:35.604Z"}
{"level":"error","message":"Fullnode is not alive, try to restart fullnode","timestamp":"2018-03-19T08:24:32.597Z"}
{"level":"error","message":"Fullnode is not alive, try to restart fullnode","timestamp":"2018-03-19T08:24:37.693Z"}
{"level":"error","message":"Fullnode is not alive, try to restart fullnode","timestamp":"2018-03-19T08:24:42.805Z"}
{"level":"error","message":"Fullnode is not alive, try to restart fullnode","timestamp":"2018-03-19T08:24:47.903Z"}
{"level":"error","message":"Fullnode is not alive, try to restart fullnode","timestamp":"2018-03-19T08:24:52.997Z"}
{"level":"error","message":"Fullnode is not alive, try to restart fullnode","timestamp":"2018-03-19T08:24:58.139Z"}
{"level":"error","message":"Fullnode is not alive, try to restart fullnode","timestamp":"2018-03-19T08:25:03.232Z"}
{"level":"error","message":"Fullnode is not alive, try to restart fullnode","timestamp":"2018-03-19T08:25:08.371Z"}
{"level":"error","message":"Fullnode is not alive, try to restart fullnode","timestamp":"2018-03-19T08:25:13.467Z"}
{"level":"error","message":"Fullnode is not alive, try to restart fullnode","timestamp":"2018-03-19T08:25:18.615Z"}
{"level":"error","message":"Fullnode is not alive, try to restart fullnode","timestamp":"2018-03-19T08:25:23.732Z"}
{"level":"error","message":"Fullnode is not alive, try to restart fullnode","timestamp":"2018-03-19T08:25:28.827Z"}
{"level":"info","message":"Connected database => core_parser, url => mongodb://core_parser:core_parser@127.0.0.1/core_parser","timestamp":"2018-03-19T08:25:44.284Z"}
{"level":"info","message":"Connected database => core_parser, url => mongodb://core_parser:core_parser@127.0.0.1/core_parser","timestamp":"2018-03-19T08:29:11.812Z"}
{"level":"info","message":"Connected database => core_parser, url => mongodb://core_parser:core_parser@127.0.0.1/core_parser","timestamp":"2018-03-19T08:33:43.744Z"}
{"level":"error","message":"Fullnode is not alive, try to restart fullnode","timestamp":"2018-03-19T08:33:53.998Z"}
{"level":"error","message":"Fullnode is not alive, try to restart fullnode","timestamp":"2018-03-19T08:34:04.087Z"}
{"level":"error","message":"Fullnode is not alive, try to restart fullnode","timestamp":"2018-03-19T08:34:14.186Z"}
{"level":"error","message":"Fullnode is not alive, try to restart fullnode","timestamp":"2018-03-19T08:34:24.285Z"}
{"level":"error","message":"Fullnode is not alive, try to restart fullnode","timestamp":"2018-03-19T08:34:34.380Z"}
{"level":"error","message":"Fullnode is not alive, try to restart fullnode","timestamp":"2018-03-19T08:34:44.475Z"}
{"level":"error","message":"Fullnode is not alive, try to restart fullnode","timestamp":"2018-03-19T08:34:54.572Z"}
{"level":"error","message":"Fullnode is not alive, try to restart fullnode","timestamp":"2018-03-19T08:35:04.688Z"}
{"level":"error","message":"Fullnode is not alive, try to restart fullnode","timestamp":"2018-03-19T08:35:14.829Z"}
{"level":"error","message":"Fullnode is not alive, try to restart fullnode","timestamp":"2018-03-19T08:35:24.965Z"}
{"level":"error","message":"Fullnode is not alive, try to restart fullnode","timestamp":"2018-03-19T08:35:35.102Z"}
{"level":"error","message":"Fullnode is not alive, try to restart fullnode","timestamp":"2018-03-19T08:35:45.202Z"}
{"level":"error","message":"Fullnode is not alive, try to restart fullnode","timestamp":"2018-03-19T08:35:55.305Z"}
{"level":"error","message":"Fullnode is not alive, try to restart fullnode","timestamp":"2018-03-19T08:36:05.403Z"}
{"level":"error","message":"Fullnode is not alive, try to restart fullnode","timestamp":"2018-03-19T08:36:15.494Z"}
{"level":"error","message":"Fullnode is not alive, try to restart fullnode","timestamp":"2018-03-19T08:36:25.586Z"}
{"level":"error","message":"Fullnode is not alive, try to restart fullnode","timestamp":"2018-03-19T08:36:35.681Z"}
{"level":"error","message":"Fullnode is not alive, try to restart fullnode","timestamp":"2018-03-19T08:36:45.822Z"}
{"level":"error","message":"Fullnode is not alive, try to restart fullnode","timestamp":"2018-03-19T08:36:55.920Z"}
{"level":"error","message":"Fullnode is not alive, try to restart fullnode","timestamp":"2018-03-19T08:37:06.014Z"}
{"level":"error","message":"Fullnode is not alive, try to restart fullnode","timestamp":"2018-03-19T08:37:16.108Z"}
{"level":"error","message":"Fullnode is not alive, try to restart fullnode","timestamp":"2018-03-19T08:37:26.206Z"}
{"level":"error","message":"Fullnode is not alive, try to restart fullnode","timestamp":"2018-03-19T08:37:36.331Z"}
{"level":"error","message":"Fullnode is not alive, try to restart fullnode","timestamp":"2018-03-19T08:37:46.442Z"}
{"level":"error","message":"Fullnode is not alive, try to restart fullnode","timestamp":"2018-03-19T08:37:56.537Z"}
{"level":"error","message":"Fullnode is not alive, try to restart fullnode","timestamp":"2018-03-19T08:38:06.675Z"}
{"level":"error","message":"Fullnode is not alive, try to restart fullnode","timestamp":"2018-03-19T08:38:16.790Z"}
{"level":"error","message":"Fullnode is not alive, try to restart fullnode","timestamp":"2018-03-19T08:38:26.885Z"}
{"level":"error","message":"Fullnode is not alive, try to restart fullnode","timestamp":"2018-03-19T08:38:36.984Z"}
{"level":"error","message":"Fullnode is not alive, try to restart fullnode","timestamp":"2018-03-19T08:38:47.116Z"}
{"level":"error","message":"Fullnode is not alive, try to restart fullnode","timestamp":"2018-03-19T08:38:57.231Z"}
{"level":"error","message":"Fullnode is not alive, try to restart fullnode","timestamp":"2018-03-19T08:39:07.339Z"}
{"level":"error","message":"Fullnode is not alive, try to restart fullnode","timestamp":"2018-03-19T08:39:17.435Z"}
{"level":"error","message":"Fullnode is not alive, try to restart fullnode","timestamp":"2018-03-19T08:39:27.577Z"}
{"level":"error","message":"Fullnode is not alive, try to restart fullnode","timestamp":"2018-03-19T08:39:37.675Z"}
{"level":"error","message":"Fullnode is not alive, try to restart fullnode","timestamp":"2018-03-19T08:39:47.805Z"}
{"level":"error","message":"Fullnode is not alive, try to restart fullnode","timestamp":"2018-03-19T08:39:57.936Z"}
{"level":"error","message":"Fullnode is not alive, try to restart fullnode","timestamp":"2018-03-19T08:40:08.057Z"}
{"level":"error","message":"Fullnode is not alive, try to restart fullnode","timestamp":"2018-03-19T08:40:18.159Z"}
{"level":"error","message":"Fullnode is not alive, try to restart fullnode","timestamp":"2018-03-19T08:40:28.257Z"}
{"level":"error","message":"Fullnode is not alive, try to restart fullnode","timestamp":"2018-03-19T08:40:38.380Z"}
{"level":"info","message":"Connected database => core_parser, url => mongodb://core_parser:core_parser@127.0.0.1/core_parser","timestamp":"2018-03-19T08:40:51.867Z"}
{"level":"info","message":"Connected database => core_parser, url => mongodb://core_parser:core_parser@127.0.0.1/core_parser","timestamp":"2018-03-19T08:42:51.749Z"}
{"level":"info","message":"Connected database => core_parser, url => mongodb://core_parser:core_parser@127.0.0.1/core_parser","timestamp":"2018-03-20T03:07:55.875Z"}
{"level":"info","message":"Connected database => core_parser, url => mongodb://core_parser:core_parser@127.0.0.1/core_parser","timestamp":"2018-03-20T03:08:40.672Z"}
{"level":"error","message":"Fullnode is not alive, try to restart fullnode","timestamp":"2018-03-20T03:08:40.779Z"}
{"level":"error","message":"Fullnode is not alive, try to restart fullnode","timestamp":"2018-03-20T03:08:50.899Z"}
{"level":"error","message":"Fullnode is not alive, try to restart fullnode","timestamp":"2018-03-20T03:09:00.992Z"}
{"level":"error","message":"Fullnode is not alive, try to restart fullnode","timestamp":"2018-03-20T03:09:11.088Z"}
{"level":"error","message":"Fullnode is not alive, try to restart fullnode","timestamp":"2018-03-20T03:09:21.225Z"}
{"level":"info","message":"Connected database => core_parser, url => mongodb://core_parser:core_parser@127.0.0.1/core_parser","timestamp":"2018-03-20T03:11:28.458Z"}
{"level":"error","message":"Fullnode is not alive, try to restart fullnode","timestamp":"2018-03-20T03:11:28.608Z"}
{"level":"error","message":"Fullnode is not alive, try to restart fullnode","timestamp":"2018-03-20T03:11:38.704Z"}
{"level":"info","message":"Connected database => core_parser, url => mongodb://core_parser:core_parser@127.0.0.1/core_parser","timestamp":"2018-03-20T03:13:32.953Z"}
{"level":"error","message":"Fullnode is not alive, try to restart fullnode","timestamp":"2018-03-20T03:14:13.537Z"}
